{"/home/mason/Documents/code_projects/private/cerberus/test/fixtures/node-app/lib.js": {"path":"/home/mason/Documents/code_projects/private/cerberus/test/fixtures/node-app/lib.js","statementMap":{"0":{"start":{"line":1,"column":21},"end":{"line":1,"column":34}},"1":{"start":{"line":2,"column":21},"end":{"line":2,"column":34}},"2":{"start":{"line":3,"column":21},"end":{"line":3,"column":34}},"3":{"start":{"line":4,"column":0},"end":{"line":4,"column":35}}},"fnMap":{"0":{"name":"add","decl":{"start":{"line":1,"column":9},"end":{"line":1,"column":12}},"loc":{"start":{"line":1,"column":19},"end":{"line":1,"column":36}},"line":1},"1":{"name":"sub","decl":{"start":{"line":2,"column":9},"end":{"line":2,"column":12}},"loc":{"start":{"line":2,"column":19},"end":{"line":2,"column":36}},"line":2},"2":{"name":"mul","decl":{"start":{"line":3,"column":9},"end":{"line":3,"column":12}},"loc":{"start":{"line":3,"column":19},"end":{"line":3,"column":36}},"line":3}},"branchMap":{},"s":{"0":1,"1":1,"2":0,"3":1},"f":{"0":1,"1":1,"2":0},"b":{},"_coverageSchema":"1a1c01bbd47fc00a2c39e90264f33305004495a9","hash":"aed1362152ca547c6509d214415e98398c12eb75"}
}
