{
  "/path/to/src/calculator.js": {
    "statementMap": {
      "0": {
        "start": {"line": 1, "column": 0},
        "end": {"line": 2, "column": 2}
      },
      "1": {
        "start": {"line": 2, "column": 2},
        "end": {"line": 2, "column": 12}
      },
      "2": {
        "start": {"line": 5, "column": 0},
        "end": {"line": 6, "column": 2}
      },
      "3": {
        "start": {"line": 6, "column": 2},
        "end": {"line": 6, "column": 16}
      },
      "4": {
        "start": {"line": 9, "column": 0},
        "end": {"line": 10, "column": 2}
      },
      "5": {
        "start": {"line": 10, "column": 2},
        "end": {"line": 10, "column": 16}
      },
      "6": {
        "start": {"line": 13, "column": 0},
        "end": {"line": 16, "column": 2}
      },
      "7": {
        "start": {"line": 14, "column": 2},
        "end": {"line": 15, "column": 27}
      },
      "8": {
        "start": {"line": 15, "column": 4},
        "end": {"line": 15, "column": 27}
      },
      "9": {
        "start": {"line": 16, "column": 2},
        "end": {"line": 16, "column": 16}
      }
    },
    "s": {
      "0": 1,
      "1": 1,
      "2": 1,
      "3": 1,
      "4": 1,
      "5": 1,
      "6": 1,
      "7": 1,
      "8": 0,
      "9": 1
    }
  }
}
